[2026-01-27T20:55:39.017Z] [INFO] Ana sayfa görüntülendi - URL: /
[2026-01-27T20:57:49.662Z] [INFO] Ana sayfa görüntülendi - URL: /
[2026-01-27T20:57:51.184Z] [INFO] Filmler görüntülendi - URL: /films
[2026-01-27T20:59:17.024Z] [INFO] Filmler görüntülendi - URL: /films
[2026-01-27T20:59:18.938Z] [INFO] Filmler görüntülendi - URL: /films
[2026-01-27T20:59:36.267Z] [INFO] Ana sayfa görüntülendi - URL: /
[2026-01-27T20:59:37.499Z] [INFO] Filmler görüntülendi - URL: /films
[2026-01-27T20:59:41.055Z] [INFO] Filmler görüntülendi - URL: /category/sci-fi
[2026-01-27T21:00:25.925Z] [INFO] Filmler görüntülendi - URL: /category/sci-fi
[2026-01-27T21:00:26.820Z] [INFO] Filmler görüntülendi - URL: /category/sci-fi
[2026-01-27T21:00:39.069Z] [INFO] Ana sayfa görüntülendi - URL: /
[2026-01-27T21:00:41.346Z] [INFO] Filmler görüntülendi - URL: /films
[2026-01-27T21:00:42.714Z] [INFO] Filmler görüntülendi - URL: /category/drama
[2026-01-27T21:00:43.927Z] [INFO] Filmler görüntülendi - URL: /category/sci-fi
[2026-01-27T21:00:45.252Z] [INFO] Filmler görüntülendi - URL: /category/action
[2026-01-27T21:00:46.604Z] [INFO] Ana sayfa görüntülendi - URL: /
[2026-01-27T21:00:48.060Z] [INFO] Filmler görüntülendi - URL: /films
[2026-01-27T21:00:50.166Z] [INFO] Raporlar görüntülendi - URL: /reports/export
[2026-01-27T21:02:37.565Z] [INFO] Ana sayfa görüntülendi - URL: /
[2026-01-27T21:02:38.944Z] [INFO] Filmler görüntülendi - URL: /films
[2026-01-27T21:02:41.503Z] [INFO] Raporlar görüntülendi - URL: /reports/export
[2026-01-27T21:02:41.515Z] [INFO] Filmler raporu oluşturuldu. - URL: /reports
[2026-01-27T21:02:54.715Z] [INFO] Filmler görüntülendi - URL: /category/sci-fi
[2026-01-27T21:02:55.833Z] [INFO] Filmler görüntülendi - URL: /category/drama
[2026-01-27T21:02:56.968Z] [INFO] Filmler görüntülendi - URL: /category/action
[2026-01-27T21:02:58.689Z] [INFO] Ana sayfa görüntülendi - URL: /
[2026-01-27T21:03:00.213Z] [INFO] Filmler görüntülendi - URL: /films
[2026-01-27T21:05:04.002Z] [INFO] Filmler görüntülendi - URL: /films
[2026-01-27T21:05:24.626Z] [INFO] Ana sayfa görüntülendi - URL: /
[2026-01-27T21:06:00.889Z] [INFO] Filmler görüntülendi - URL: /films
[2026-01-27T21:06:10.571Z] [INFO] Filmler görüntülendi - URL: /films
[2026-01-27T21:06:22.159Z] [INFO] Ana sayfa görüntülendi - URL: /
[2026-01-27T21:06:43.690Z] [INFO] Ana sayfa görüntülendi - URL: /
[2026-01-27T21:06:45.096Z] [INFO] Ana sayfa görüntülendi - URL: /
[2026-01-27T21:07:40.824Z] [INFO] Ana sayfa görüntülendi - URL: /
